Arguments: 
  D:\nodejs\node.exe D:\nodejs\v18.12.1\node_global\node_modules\yarn\bin\yarn.js add antd

PATH: 
  C:\Windows\system32;C:\Windows;C:\Windows\System32\Wbem;C:\Windows\System32\WindowsPowerShell\v1.0\;C:\Windows\System32\OpenSSH\;D:\Git\bin;D:\wkhtmltopdf\bin;D:\SVN\bin;C:\Program Files\Common Files\Autodesk Shared\;C:\Program Files (x86)\Autodesk\Backburner\;D:\nodejs\v18.12.1\node_global;D:\nvm;D:\nodejs;D:\nodejs\v18.12.1\node_global\node_modules\yarn\bin;C:\Users\Rhee\AppData\Local\Microsoft\WindowsApps;D:\Desktop\shortcuts;C:\Users\Rhee\AppData\Local\Programs\Microsoft VS Code\bin;D:\rowserStackLocal\;C:\Users\Rhee\AppData\Roaming\npm

Yarn version: 
  1.22.19

Node version: 
  16.19.1

Platform: 
  win32 x64

Trace: 
  Error: connect ETIMEDOUT 104.16.18.35:443
      at TCPConnectWrap.afterConnect [as oncomplete] (node:net:1278:16)

npm manifest: 
  {
    "name": "opspiper",
    "version": "2.0.0",
    "description": "远程部署平台",
    "main": "index.tsx",
    "scripts": {
      "start": "webpack serve --mode=development",
      "build": "webpack --mode=production"
    },
    "author": "lhh",
    "license": "ISC",
    "dependencies": {
      "antd": "^4.19.3",
      "react": "^17.0.2",
      "react-dom": "^17.0.2"
    },
    "devDependencies": {
      "@babel/core": "^7.17.8",
      "@babel/preset-env": "^7.16.11",
      "@babel/preset-react": "^7.18.6",
      "babel-loader": "^8.2.4",
      "clean-webpack-plugin": "^4.0.0",
      "css-loader": "^6.7.1",
      "html-webpack-plugin": "^5.5.0",
      "less": "^4.1.2",
      "less-loader": "^10.2.0",
      "style-loader": "^3.3.1",
      "ts-loader": "^9.2.8",
      "typescript": "^4.6.3",
      "webpack": "^5.70.0",
      "webpack-cli": "^4.9.2",
      "webpack-dev-server": "^4.7.4"
    }
  }

yarn manifest: 
  No manifest

Lockfile: 
  No lockfile
